Boats Mocked Under Process: 1729
-------------------
AIS-catcher echo:
-------------------
 This is fake data
I wonder what will happpen
-------------------
Successfully parsed JSON. Sending to server.
-------------------
Data sent successfully.
-------------------
Successfully parsed JSON. Sending to server.
-------------------
Data sent successfully.
-------------------
Successfully parsed JSON. Sending to server.
-------------------
Data sent successfully.
-------------------
Successfully parsed JSON. Sending to server.
-------------------
Data sent successfully.
